#
# A fatal error has been detected by the Java Runtime Environment:
#
#  Internal Error (javaClasses.cpp:136), pid=6076, tid=7388
#  fatal error: Invalid layout of preloaded class
#
# JRE version:  (7.0_71-b14) (build )
# Java VM: Java HotSpot(TM) Client VM (24.71-b01 mixed mode windows-x86 )
# Failed to write core dump. Minidumps are not enabled by default on client versions of Windows
#
# If you would like to submit a bug report, please visit:
#   http://bugreport.sun.com/bugreport/crash.jsp
#

---------------  T H R E A D  ---------------

Current thread (0x01aacc00):  JavaThread "Unknown thread" [_thread_in_vm, id=7388, stack(0x01980000,0x019d0000)]

Stack: [0x01980000,0x019d0000],  sp=0x019cf9f4,  free space=318k
Native frames: (J=compiled Java code, j=interpreted, Vv=VM code, C=native code)
V  [jvm.dll+0x1911e4]
V  [jvm.dll+0x18ae66]
V  [jvm.dll+0x35f00]
V  [jvm.dll+0x35f86]
V  [jvm.dll+0x447ed]
V  [jvm.dll+0x44a9e]
V  [jvm.dll+0x9395a]
V  [jvm.dll+0x93d0b]
V  [jvm.dll+0x140831]
V  [jvm.dll+0x16341c]
V  [jvm.dll+0xca7bf]
C  [javaw.exe+0x13ce]
C  [javaw.exe+0x1e40]
C  [javaw.exe+0xa601]
C  [javaw.exe+0xa68b]
C  [kernel32.dll+0x4ee1c]
C  [ntdll.dll+0x637eb]
C  [ntdll.dll+0x637be]


---------------  P R O C E S S  ---------------

Java Threads: ( => current thread )

Other Threads:

=>0x01aacc00 (exited) JavaThread "Unknown thread" [_thread_in_vm, id=7388, stack(0x01980000,0x019d0000)]

VM state:not at safepoint (not fully initialized)

VM Mutex/Monitor currently owned by a thread: None

GC Heap History (0 events):
No events

Deoptimization events (0 events):
No events

Internal exceptions (0 events):
No events

Events (10 events):
Event: 0.680 loading class 0x017698d0 done
Event: 0.680 loading class 0x01769360 done
Event: 0.680 loading class 0x01769340
Event: 0.715 loading class 0x017706f0
Event: 0.747 loading class 0x017706f0 done
Event: 0.747 loading class 0x01770720
Event: 0.747 loading class 0x01770720 done
Event: 0.747 loading class 0x01770750
Event: 0.788 loading class 0x01770750 done
Event: 0.788 loading class 0x01769340 done


Dynamic libraries:
0x00250000 - 0x0027f000 	C:\Program Files\Java\jre7\bin\javaw.exe
0x77130000 - 0x7726c000 	C:\Windows\SYSTEM32\ntdll.dll
0x76f60000 - 0x77034000 	C:\Windows\system32\kernel32.dll
0x75490000 - 0x754db000 	C:\Windows\system32\KERNELBASE.dll
0x77270000 - 0x77310000 	C:\Windows\system32\ADVAPI32.dll
0x76eb0000 - 0x76f5c000 	C:\Windows\system32\msvcrt.dll
0x77040000 - 0x77059000 	C:\Windows\SYSTEM32\sechost.dll
0x76d30000 - 0x76dd2000 	C:\Windows\system32\RPCRT4.dll
0x76de0000 - 0x76ea9000 	C:\Windows\system32\USER32.dll
0x77310000 - 0x7735e000 	C:\Windows\system32\GDI32.dll
0x75790000 - 0x7579a000 	C:\Windows\system32\LPK.dll
0x76400000 - 0x7649d000 	C:\Windows\system32\USP10.dll
0x747f0000 - 0x7498e000 	C:\Windows\WinSxS\x86_microsoft.windows.common-controls_6595b64144ccf1df_6.0.7601.17514_none_41e6975e2bd6f2b2\COMCTL32.dll
0x76c50000 - 0x76ca7000 	C:\Windows\system32\SHLWAPI.dll
0x75720000 - 0x7573f000 	C:\Windows\system32\IMM32.DLL
0x77060000 - 0x7712c000 	C:\Windows\system32\MSCTF.dll
0x75280000 - 0x752b5000 	c:\windows\system32\nvinit.dll
0x0f000000 - 0x0f006000 	C:\Program Files\NVIDIA Corporation\CoProcManager\_etoured.dll
0x6c290000 - 0x6c2cd000 	C:\Program Files\NVIDIA Corporation\CoProcManager\nvd3d9wrap.dll
0x76530000 - 0x766cd000 	C:\Windows\system32\SETUPAPI.dll
0x75460000 - 0x75487000 	C:\Windows\system32\CFGMGR32.dll
0x766e0000 - 0x7676f000 	C:\Windows\system32\OLEAUT32.dll
0x755c0000 - 0x7571c000 	C:\Windows\system32\ole32.dll
0x755a0000 - 0x755b2000 	C:\Windows\system32\DEVOBJ.dll
0x6b9e0000 - 0x6ba1b000 	C:\Program Files\NVIDIA Corporation\CoProcManager\nvdxgiwrap.dll
0x78210000 - 0x782cf000 	C:\Program Files\Java\jre7\bin\msvcr100.dll
0x6e450000 - 0x6e7d9000 	C:\Program Files\Java\jre7\bin\client\jvm.dll
0x725a0000 - 0x725a7000 	C:\Windows\system32\WSOCK32.dll
0x75750000 - 0x75785000 	C:\Windows\system32\WS2_32.dll
0x75740000 - 0x75746000 	C:\Windows\system32\NSI.dll
0x73100000 - 0x73132000 	C:\Windows\system32\WINMM.dll
0x766d0000 - 0x766d5000 	C:\Windows\system32\PSAPI.DLL
0x720c0000 - 0x720cc000 	C:\Program Files\Java\jre7\bin\verify.dll
0x62e50000 - 0x62e70000 	C:\Program Files\Java\jre7\bin\java.dll
0x62400000 - 0x62413000 	C:\Program Files\Java\jre7\bin\zip.dll
0x72280000 - 0x7236b000 	C:\Windows\system32\dbghelp.dll

VM Arguments:
jvm_args: -Dfile.encoding=Cp1252 -Xbootclasspath:C:\eclipse\adt-bundle-windows-x86-20140624\sdk\platforms\android-21\android.jar 
java_command: com.fourthwardcoder.android.convertthis.ConvertUtil
Launcher Type: SUN_STANDARD

Environment Variables:
JRE_HOME=C:\Program Files\IBM\RationalSDLC\Common\Java5.0\jre
CLASSPATH=.;C:\Program Files\IBM\RationalSDLC\ClearQuest\cqjni.jar;C:\Program Files\Java\jre6\lib\ext\QTJava.zip
PATH=C:/Program Files/Java/jre7/bin/client;C:/Program Files/Java/jre7/bin;C:/Program Files/Java/jre7/lib/i386;C:\Program Files\IBM\RationalSDLC\common;C:\Program Files\Common Files\Microsoft Shared\Windows Live;C:\Windows\system32;C:\Windows;C:\Windows\System32\Wbem;C:\Windows\System32\WindowsPowerShell\v1.0\;c:\Program Files\Common Files\Roxio Shared\10.0\DLLShared\;c:\Program Files\Common Files\Roxio Shared\DLLShared\;C:\Program Files\Lenovo\Access Connections\;C:\Program Files\Intel\Services\IPT\;C:\Program Files\ThinkPad\Bluetooth Software\;C:\Program Files\Intel\WiFi\bin\;C:\Program Files\Common Files\Intel\WirelessCommon\;C:\Program Files\Windows Live\Shared;C:\Program Files\IBM\RationalSDLC\ClearCase\bin;C:\Program Files\IBM\gsk8\lib;C:\Program Files\IBM\gsk8\bin;C:\Program Files\QuickTime\QTSystem\;C:\eclipse\adt-bundle-windows-x86-20140624\eclipse;
USERNAME=chare
OS=Windows_NT
PROCESSOR_IDENTIFIER=x86 Family 6 Model 42 Stepping 7, GenuineIntel



---------------  S Y S T E M  ---------------

OS: Windows 7 Build 7601 Service Pack 1

CPU:total 4 (2 cores per cpu, 2 threads per core) family 6 model 42 stepping 7, cmov, cx8, fxsr, mmx, sse, sse2, sse3, ssse3, sse4.1, sse4.2, popcnt, avx, aes, ht, tsc, tscinvbit

Memory: 4k page, physical 3052784k(198276k free), swap 6697372k(889472k free)

vm_info: Java HotSpot(TM) Client VM (24.71-b01) for windows-x86 JRE (1.7.0_71-b14), built on Sep 26 2014 16:30:49 by "java_re" with unknown MS VC++:1600

time: Sat Jan 31 10:14:32 2015
elapsed time: 1 seconds

