#
# A fatal error has been detected by the Java Runtime Environment:
#
#  Internal Error (javaClasses.cpp:136), pid=4952, tid=6456
#  fatal error: Invalid layout of preloaded class
#
# JRE version:  (7.0_71-b14) (build )
# Java VM: Java HotSpot(TM) Client VM (24.71-b01 mixed mode windows-x86 )
# Failed to write core dump. Minidumps are not enabled by default on client versions of Windows
#
# If you would like to submit a bug report, please visit:
#   http://bugreport.sun.com/bugreport/crash.jsp
#

---------------  T H R E A D  ---------------

Current thread (0x0177cc00):  JavaThread "Unknown thread" [_thread_in_vm, id=6456, stack(0x019e0000,0x01a30000)]

Stack: [0x019e0000,0x01a30000],  sp=0x01a2f3b0,  free space=316k
Native frames: (J=compiled Java code, j=interpreted, Vv=VM code, C=native code)
V  [jvm.dll+0x1911e4]
V  [jvm.dll+0x18ae66]
V  [jvm.dll+0x35f00]
V  [jvm.dll+0x35f86]
V  [jvm.dll+0x447ed]
V  [jvm.dll+0x44a9e]
V  [jvm.dll+0x9395a]
V  [jvm.dll+0x93d0b]
V  [jvm.dll+0x140831]
V  [jvm.dll+0x16341c]
V  [jvm.dll+0xca7bf]
C  [javaw.exe+0x13ce]
C  [javaw.exe+0x1e40]
C  [javaw.exe+0xa601]
C  [javaw.exe+0xa68b]
C  [kernel32.dll+0x4ee1c]
C  [ntdll.dll+0x637eb]
C  [ntdll.dll+0x637be]


---------------  P R O C E S S  ---------------

Java Threads: ( => current thread )

Other Threads:

=>0x0177cc00 (exited) JavaThread "Unknown thread" [_thread_in_vm, id=6456, stack(0x019e0000,0x01a30000)]

VM state:not at safepoint (not fully initialized)

VM Mutex/Monitor currently owned by a thread: None

GC Heap History (0 events):
No events

Deoptimization events (0 events):
No events

Internal exceptions (0 events):
No events

Events (10 events):
Event: 0.164 loading class 0x017b98d0 done
Event: 0.165 loading class 0x017b9360 done
Event: 0.165 loading class 0x017b9340
Event: 0.165 loading class 0x017c06f0
Event: 0.194 loading class 0x017c06f0 done
Event: 0.194 loading class 0x017c0720
Event: 0.195 loading class 0x017c0720 done
Event: 0.195 loading class 0x017c0750
Event: 0.195 loading class 0x017c0750 done
Event: 0.195 loading class 0x017b9340 done


Dynamic libraries:
0x00a70000 - 0x00a9f000 	C:\Program Files\Java\jre7\bin\javaw.exe
0x76f60000 - 0x7709c000 	C:\Windows\SYSTEM32\ntdll.dll
0x75860000 - 0x75934000 	C:\Windows\system32\kernel32.dll
0x75380000 - 0x753cb000 	C:\Windows\system32\KERNELBASE.dll
0x768f0000 - 0x76990000 	C:\Windows\system32\ADVAPI32.dll
0x75430000 - 0x754dc000 	C:\Windows\system32\msvcrt.dll
0x76840000 - 0x76859000 	C:\Windows\SYSTEM32\sechost.dll
0x757b0000 - 0x75852000 	C:\Windows\system32\RPCRT4.dll
0x75b20000 - 0x75be9000 	C:\Windows\system32\USER32.dll
0x77130000 - 0x7717e000 	C:\Windows\system32\GDI32.dll
0x76d50000 - 0x76d5a000 	C:\Windows\system32\LPK.dll
0x76d60000 - 0x76dfd000 	C:\Windows\system32\USP10.dll
0x74620000 - 0x747be000 	C:\Windows\WinSxS\x86_microsoft.windows.common-controls_6595b64144ccf1df_6.0.7601.17514_none_41e6975e2bd6f2b2\COMCTL32.dll
0x75940000 - 0x75997000 	C:\Windows\system32\SHLWAPI.dll
0x75a70000 - 0x75a8f000 	C:\Windows\system32\IMM32.DLL
0x759a0000 - 0x75a6c000 	C:\Windows\system32\MSCTF.dll
0x750b0000 - 0x750e5000 	c:\windows\system32\nvinit.dll
0x0f000000 - 0x0f006000 	C:\Program Files\NVIDIA Corporation\CoProcManager\_etoured.dll
0x6b660000 - 0x6b69d000 	C:\Program Files\NVIDIA Corporation\CoProcManager\nvd3d9wrap.dll
0x75610000 - 0x757ad000 	C:\Windows\system32\SETUPAPI.dll
0x75320000 - 0x75347000 	C:\Windows\system32\CFGMGR32.dll
0x76860000 - 0x768ef000 	C:\Windows\system32\OLEAUT32.dll
0x76e00000 - 0x76f5c000 	C:\Windows\system32\ole32.dll
0x753d0000 - 0x753e2000 	C:\Windows\system32\DEVOBJ.dll
0x6b620000 - 0x6b65b000 	C:\Program Files\NVIDIA Corporation\CoProcManager\nvdxgiwrap.dll
0x5ef40000 - 0x5efff000 	C:\Program Files\Java\jre7\bin\msvcr100.dll
0x5fcc0000 - 0x60049000 	C:\Program Files\Java\jre7\bin\client\jvm.dll
0x719a0000 - 0x719a7000 	C:\Windows\system32\WSOCK32.dll
0x753f0000 - 0x75425000 	C:\Windows\system32\WS2_32.dll
0x75600000 - 0x75606000 	C:\Windows\system32\NSI.dll
0x725c0000 - 0x725f2000 	C:\Windows\system32\WINMM.dll
0x77180000 - 0x77185000 	C:\Windows\system32\PSAPI.DLL
0x71c30000 - 0x71c3c000 	C:\Program Files\Java\jre7\bin\verify.dll
0x71b60000 - 0x71b80000 	C:\Program Files\Java\jre7\bin\java.dll
0x71a10000 - 0x71a23000 	C:\Program Files\Java\jre7\bin\zip.dll
0x71680000 - 0x7176b000 	C:\Windows\system32\dbghelp.dll

VM Arguments:
jvm_args: -Dfile.encoding=Cp1252 -Xbootclasspath:C:\eclipse\adt-bundle-windows-x86-20140624\sdk\platforms\android-21\android.jar 
java_command: com.fourthwardcoder.android.convertthis.ConvertUtil
Launcher Type: SUN_STANDARD

Environment Variables:
JRE_HOME=C:\Program Files\IBM\RationalSDLC\Common\Java5.0\jre
CLASSPATH=.;C:\Program Files\IBM\RationalSDLC\ClearQuest\cqjni.jar;C:\Program Files\Java\jre6\lib\ext\QTJava.zip
PATH=C:/Program Files/Java/jre7/bin/client;C:/Program Files/Java/jre7/bin;C:/Program Files/Java/jre7/lib/i386;C:\Program Files\IBM\RationalSDLC\common;C:\Program Files\Common Files\Microsoft Shared\Windows Live;C:\Windows\system32;C:\Windows;C:\Windows\System32\Wbem;C:\Windows\System32\WindowsPowerShell\v1.0\;c:\Program Files\Common Files\Roxio Shared\10.0\DLLShared\;c:\Program Files\Common Files\Roxio Shared\DLLShared\;C:\Program Files\Lenovo\Access Connections\;C:\Program Files\Intel\Services\IPT\;C:\Program Files\ThinkPad\Bluetooth Software\;C:\Program Files\Intel\WiFi\bin\;C:\Program Files\Common Files\Intel\WirelessCommon\;C:\Program Files\Windows Live\Shared;C:\Program Files\IBM\RationalSDLC\ClearCase\bin;C:\Program Files\IBM\gsk8\lib;C:\Program Files\IBM\gsk8\bin;C:\Program Files\QuickTime\QTSystem\;C:\eclipse\adt-bundle-windows-x86-20140624\eclipse;
USERNAME=chare
OS=Windows_NT
PROCESSOR_IDENTIFIER=x86 Family 6 Model 42 Stepping 7, GenuineIntel



---------------  S Y S T E M  ---------------

OS: Windows 7 Build 7601 Service Pack 1

CPU:total 4 (2 cores per cpu, 2 threads per core) family 6 model 42 stepping 7, cmov, cx8, fxsr, mmx, sse, sse2, sse3, ssse3, sse4.1, sse4.2, popcnt, avx, aes, ht, tsc, tscinvbit

Memory: 4k page, physical 3052784k(159596k free), swap 7199064k(1254568k free)

vm_info: Java HotSpot(TM) Client VM (24.71-b01) for windows-x86 JRE (1.7.0_71-b14), built on Sep 26 2014 16:30:49 by "java_re" with unknown MS VC++:1600

time: Sun Jan 25 14:39:28 2015
elapsed time: 0 seconds

